<?xml version="1.0" encoding="UTF-8"?>
<!-- Generated by org.testng.reporters.JUnitReportReporter -->
<testsuite hostname="MosesHannah" failures="0" tests="1" name="testcases.TestHighToLowSort" time="18.742" errors="0" timestamp="3 Jul 2024 18:19:40 GMT">
  <testcase classname="testcases.TestHighToLowSort" name="testHighToLow" time="18.742"/>
</testsuite> <!-- testcases.TestHighToLowSort -->
